<?xml version="1.0" encoding="UTF-8"?>
<testng-results skipped="0" failed="0" ignored="0" total="3" passed="3">
  <reporter-output>
  </reporter-output>
  <suite name="Suite" duration-ms="21400" started-at="2020-03-09T11:51:07Z" finished-at="2020-03-09T11:51:28Z">
    <groups>
      <group name="cucumber">
        <method signature="AbstractTestNGCucumberTests.runScenario(cucumber.api.testng.PickleEventWrapper, cucumber.api.testng.CucumberFeatureWrapper)[pri:0, instance:org.runnerpar.TestRunner@5442a311]" name="runScenario" class="cucumber.api.testng.AbstractTestNGCucumberTests"/>
      </group> <!-- cucumber -->
    </groups>
    <test name="Test" duration-ms="21400" started-at="2020-03-09T11:51:07Z" finished-at="2020-03-09T11:51:28Z">
      <class name="org.runnerpar.TestRunner">
        <test-method status="PASS" signature="setUpClass()[pri:0, instance:org.runnerpar.TestRunner@5442a311]" name="setUpClass" is-config="true" duration-ms="328" started-at="2020-03-09T11:51:07Z" finished-at="2020-03-09T11:51:07Z">
          <reporter-output>
          </reporter-output>
        </test-method> <!-- setUpClass -->
        <test-method status="PASS" signature="runScenario(cucumber.api.testng.PickleEventWrapper, cucumber.api.testng.CucumberFeatureWrapper)[pri:0, instance:org.runnerpar.TestRunner@5442a311]" name="runScenario" duration-ms="20790" started-at="2020-03-09T11:51:07Z" description="Runs Cucumber Scenarios" data-provider="scenarios" finished-at="2020-03-09T11:51:28Z">
          <params>
            <param index="0">
              <value>
                <![CDATA["Veifying the login Details"]]>
              </value>
            </param>
            <param index="1">
              <value>
                <![CDATA["Verify the Facebook Detail"]]>
              </value>
            </param>
          </params>
          <reporter-output>
          </reporter-output>
        </test-method> <!-- runScenario -->
        <test-method status="PASS" signature="runScenario(cucumber.api.testng.PickleEventWrapper, cucumber.api.testng.CucumberFeatureWrapper)[pri:0, instance:org.runnerpar.TestRunner@5442a311]" name="runScenario" duration-ms="20618" started-at="2020-03-09T11:51:07Z" description="Runs Cucumber Scenarios" data-provider="scenarios" finished-at="2020-03-09T11:51:28Z">
          <params>
            <param index="0">
              <value>
                <![CDATA["Veifying the login Details"]]>
              </value>
            </param>
            <param index="1">
              <value>
                <![CDATA["Verify the Facebook Detail"]]>
              </value>
            </param>
          </params>
          <reporter-output>
          </reporter-output>
        </test-method> <!-- runScenario -->
        <test-method status="PASS" signature="runScenario(cucumber.api.testng.PickleEventWrapper, cucumber.api.testng.CucumberFeatureWrapper)[pri:0, instance:org.runnerpar.TestRunner@5442a311]" name="runScenario" duration-ms="20985" started-at="2020-03-09T11:51:07Z" description="Runs Cucumber Scenarios" data-provider="scenarios" finished-at="2020-03-09T11:51:28Z">
          <params>
            <param index="0">
              <value>
                <![CDATA["Veifying the login Details"]]>
              </value>
            </param>
            <param index="1">
              <value>
                <![CDATA["Verify the Facebook Detail"]]>
              </value>
            </param>
          </params>
          <reporter-output>
          </reporter-output>
        </test-method> <!-- runScenario -->
        <test-method status="PASS" signature="tearDownClass()[pri:0, instance:org.runnerpar.TestRunner@5442a311]" name="tearDownClass" is-config="true" duration-ms="14" started-at="2020-03-09T11:51:28Z" finished-at="2020-03-09T11:51:28Z">
          <reporter-output>
          </reporter-output>
        </test-method> <!-- tearDownClass -->
      </class> <!-- org.runnerpar.TestRunner -->
    </test> <!-- Test -->
  </suite> <!-- Suite -->
</testng-results>
